Compiling the C compiler identification source file "CMakeCCompilerId.c" failed.
Compiler: i686-w64-mingw32-gcc-Werror -Wall
Build flags: 
Id flags:  

The output was:
Permission denied


Compiling the C compiler identification source file "CMakeCCompilerId.c" failed.
Compiler: i686-w64-mingw32-gcc-Werror -Wall
Build flags: 
Id flags: -c 

The output was:
Permission denied


Compiling the C compiler identification source file "CMakeCCompilerId.c" failed.
Compiler: i686-w64-mingw32-gcc-Werror -Wall
Build flags: 
Id flags: -Aa 

The output was:
Permission denied


Compiling the C compiler identification source file "CMakeCCompilerId.c" failed.
Compiler: i686-w64-mingw32-gcc-Werror -Wall
Build flags: 
Id flags: -D__CLASSIC_C__ 

The output was:
Permission denied


Compiling the C compiler identification source file "CMakeCCompilerId.c" failed.
Compiler: i686-w64-mingw32-gcc-Werror -Wall
Build flags: 
Id flags: --target=arm-arm-none-eabi;-mcpu=cortex-m3 

The output was:
Permission denied


Compiling the C compiler identification source file "CMakeCCompilerId.c" failed.
Compiler: i686-w64-mingw32-gcc-Werror -Wall
Build flags: 
Id flags: -c;-I__does_not_exist__ 

The output was:
Permission denied


Compiling the C compiler identification source file "CMakeCCompilerId.c" failed.
Compiler: i686-w64-mingw32-gcc-Werror -Wall
Build flags: 
Id flags:  

The output was:
Permission denied


Compiling the C compiler identification source file "CMakeCCompilerId.c" failed.
Compiler: i686-w64-mingw32-gcc-Werror -Wall
Build flags: 
Id flags: -c 

The output was:
Permission denied


Compiling the C compiler identification source file "CMakeCCompilerId.c" failed.
Compiler: i686-w64-mingw32-gcc-Werror -Wall
Build flags: 
Id flags: -Aa 

The output was:
Permission denied


Compiling the C compiler identification source file "CMakeCCompilerId.c" failed.
Compiler: i686-w64-mingw32-gcc-Werror -Wall
Build flags: 
Id flags: -D__CLASSIC_C__ 

The output was:
Permission denied


Compiling the C compiler identification source file "CMakeCCompilerId.c" failed.
Compiler: i686-w64-mingw32-gcc-Werror -Wall
Build flags: 
Id flags: --target=arm-arm-none-eabi;-mcpu=cortex-m3 

The output was:
Permission denied


Compiling the C compiler identification source file "CMakeCCompilerId.c" failed.
Compiler: i686-w64-mingw32-gcc-Werror -Wall
Build flags: 
Id flags: -c;-I__does_not_exist__ 

The output was:
Permission denied


Checking whether the C compiler is IAR using "" did not match "IAR .+ Compiler":
Checking whether the C compiler is IAR using "" did not match "IAR .+ Compiler":
Compiling the CXX compiler identification source file "CMakeCXXCompilerId.cpp" failed.
Compiler: /usr/bin/i686-w64-mingw32-g++ -std=c++10;-Werror;-Wall
Build flags: 
Id flags:  

The output was:
1
i686-w64-mingw32-g++: error: unrecognized command-line option ‘-std=c++10’; did you mean ‘-std=c++11’?


Compiling the CXX compiler identification source file "CMakeCXXCompilerId.cpp" failed.
Compiler: /usr/bin/i686-w64-mingw32-g++ -std=c++10;-Werror;-Wall
Build flags: 
Id flags: -c 

The output was:
1
i686-w64-mingw32-g++: error: unrecognized command-line option ‘-std=c++10’; did you mean ‘-std=c++11’?


Compiling the CXX compiler identification source file "CMakeCXXCompilerId.cpp" failed.
Compiler: /usr/bin/i686-w64-mingw32-g++ -std=c++10;-Werror;-Wall
Build flags: 
Id flags: --c++ 

The output was:
1
i686-w64-mingw32-g++: error: unrecognized command-line option ‘-std=c++10’; did you mean ‘-std=c++11’?
i686-w64-mingw32-g++: error: unrecognized command-line option ‘--c++’


Compiling the CXX compiler identification source file "CMakeCXXCompilerId.cpp" failed.
Compiler: /usr/bin/i686-w64-mingw32-g++ -std=c++10;-Werror;-Wall
Build flags: 
Id flags: --ec++ 

The output was:
1
i686-w64-mingw32-g++: error: unrecognized command-line option ‘-std=c++10’; did you mean ‘-std=c++11’?
i686-w64-mingw32-g++: error: unrecognized command-line option ‘--ec++’; did you mean ‘-Weffc++’?


Compiling the CXX compiler identification source file "CMakeCXXCompilerId.cpp" failed.
Compiler: /usr/bin/i686-w64-mingw32-g++ -std=c++10;-Werror;-Wall
Build flags: 
Id flags: --target=arm-arm-none-eabi;-mcpu=cortex-m3 

The output was:
1
i686-w64-mingw32-g++: warning: ‘-mcpu=’ is deprecated; use ‘-mtune=’ or ‘-march=’ instead
i686-w64-mingw32-g++: error: unrecognized command-line option ‘-std=c++10’; did you mean ‘-std=c++11’?
i686-w64-mingw32-g++: error: unrecognized command-line option ‘--target=arm-arm-none-eabi’


Compiling the CXX compiler identification source file "CMakeCXXCompilerId.cpp" failed.
Compiler: /usr/bin/i686-w64-mingw32-g++ -std=c++10;-Werror;-Wall
Build flags: 
Id flags: -c;-I__does_not_exist__ 

The output was:
1
i686-w64-mingw32-g++: error: unrecognized command-line option ‘-std=c++10’; did you mean ‘-std=c++11’?


Compiling the CXX compiler identification source file "CMakeCXXCompilerId.cpp" failed.
Compiler: /usr/bin/i686-w64-mingw32-g++ -std=c++10;-Werror;-Wall
Build flags: 
Id flags:  

The output was:
1
i686-w64-mingw32-g++: error: unrecognized command-line option ‘-std=c++10’; did you mean ‘-std=c++11’?


Compiling the CXX compiler identification source file "CMakeCXXCompilerId.cpp" failed.
Compiler: /usr/bin/i686-w64-mingw32-g++ -std=c++10;-Werror;-Wall
Build flags: 
Id flags: -c 

The output was:
1
i686-w64-mingw32-g++: error: unrecognized command-line option ‘-std=c++10’; did you mean ‘-std=c++11’?


Compiling the CXX compiler identification source file "CMakeCXXCompilerId.cpp" failed.
Compiler: /usr/bin/i686-w64-mingw32-g++ -std=c++10;-Werror;-Wall
Build flags: 
Id flags: --c++ 

The output was:
1
i686-w64-mingw32-g++: error: unrecognized command-line option ‘-std=c++10’; did you mean ‘-std=c++11’?
i686-w64-mingw32-g++: error: unrecognized command-line option ‘--c++’


Compiling the CXX compiler identification source file "CMakeCXXCompilerId.cpp" failed.
Compiler: /usr/bin/i686-w64-mingw32-g++ -std=c++10;-Werror;-Wall
Build flags: 
Id flags: --ec++ 

The output was:
1
i686-w64-mingw32-g++: error: unrecognized command-line option ‘-std=c++10’; did you mean ‘-std=c++11’?
i686-w64-mingw32-g++: error: unrecognized command-line option ‘--ec++’; did you mean ‘-Weffc++’?


Compiling the CXX compiler identification source file "CMakeCXXCompilerId.cpp" failed.
Compiler: /usr/bin/i686-w64-mingw32-g++ -std=c++10;-Werror;-Wall
Build flags: 
Id flags: --target=arm-arm-none-eabi;-mcpu=cortex-m3 

The output was:
1
i686-w64-mingw32-g++: warning: ‘-mcpu=’ is deprecated; use ‘-mtune=’ or ‘-march=’ instead
i686-w64-mingw32-g++: error: unrecognized command-line option ‘-std=c++10’; did you mean ‘-std=c++11’?
i686-w64-mingw32-g++: error: unrecognized command-line option ‘--target=arm-arm-none-eabi’


Compiling the CXX compiler identification source file "CMakeCXXCompilerId.cpp" failed.
Compiler: /usr/bin/i686-w64-mingw32-g++ -std=c++10;-Werror;-Wall
Build flags: 
Id flags: -c;-I__does_not_exist__ 

The output was:
1
i686-w64-mingw32-g++: error: unrecognized command-line option ‘-std=c++10’; did you mean ‘-std=c++11’?


Checking whether the CXX compiler is IAR using "" did not match "IAR .+ Compiler":
i686-w64-mingw32-g++: error: unrecognized command-line option '-std=c++10'; did you mean '-std=c++11'?
i686-w64-mingw32-g++: fatal error: no input files
compilation terminated.
Checking whether the CXX compiler is IAR using "" did not match "IAR .+ Compiler":
i686-w64-mingw32-g++: error: unrecognized command-line option '-std=c++10'; did you mean '-std=c++11'?
i686-w64-mingw32-g++: fatal error: no input files
compilation terminated.
Detecting CXX compiler ABI info failed to compile with the following output:
Change Dir: /mnt/e/Studies/Online/Learn Advanced Modern C++/breakOut/build/CMakeFiles/CMakeTmp

Run Build Command(s):/usr/bin/gmake -f Makefile cmTC_01621/fast && gmake: Warning: File 'Makefile' has modification time 1.3 s in the future
/usr/bin/gmake  -f CMakeFiles/cmTC_01621.dir/build.make CMakeFiles/cmTC_01621.dir/build
gmake[1]: Entering directory '/mnt/e/Studies/Online/Learn Advanced Modern C++/breakOut/build/CMakeFiles/CMakeTmp'
gmake[1]: Warning: File 'CMakeFiles/cmTC_01621.dir/flags.make' has modification time 1.3 s in the future
Building CXX object CMakeFiles/cmTC_01621.dir/CMakeCXXCompilerABI.cpp.obj
/usr/bin/i686-w64-mingw32-g++ -std=c++10 -Werror -Wall    -o CMakeFiles/cmTC_01621.dir/CMakeCXXCompilerABI.cpp.obj -c /usr/share/cmake-3.22/Modules/CMakeCXXCompilerABI.cpp
i686-w64-mingw32-g++: error: unrecognized command-line option '-std=c++10'; did you mean '-std=c++11'?
gmake[1]: *** [CMakeFiles/cmTC_01621.dir/build.make:78: CMakeFiles/cmTC_01621.dir/CMakeCXXCompilerABI.cpp.obj] Error 1
gmake[1]: Leaving directory '/mnt/e/Studies/Online/Learn Advanced Modern C++/breakOut/build/CMakeFiles/CMakeTmp'
gmake: *** [Makefile:127: cmTC_01621/fast] Error 2




Determining if the CXX compiler works failed with the following output:
Change Dir: /mnt/e/Studies/Online/Learn Advanced Modern C++/breakOut/build/CMakeFiles/CMakeTmp

Run Build Command(s):/usr/bin/gmake -f Makefile cmTC_a3282/fast && gmake: Warning: File 'Makefile' has modification time 1 s in the future
/usr/bin/gmake  -f CMakeFiles/cmTC_a3282.dir/build.make CMakeFiles/cmTC_a3282.dir/build
gmake[1]: Entering directory '/mnt/e/Studies/Online/Learn Advanced Modern C++/breakOut/build/CMakeFiles/CMakeTmp'
gmake[1]: Warning: File 'CMakeFiles/cmTC_a3282.dir/flags.make' has modification time 1 s in the future
Building CXX object CMakeFiles/cmTC_a3282.dir/testCXXCompiler.cxx.obj
/usr/bin/i686-w64-mingw32-g++ -std=c++10 -Werror -Wall    -o CMakeFiles/cmTC_a3282.dir/testCXXCompiler.cxx.obj -c "/mnt/e/Studies/Online/Learn Advanced Modern C++/breakOut/build/CMakeFiles/CMakeTmp/testCXXCompiler.cxx"
i686-w64-mingw32-g++: error: unrecognized command-line option ‘-std=c++10’; did you mean ‘-std=c++11’?
gmake[1]: *** [CMakeFiles/cmTC_a3282.dir/build.make:78: CMakeFiles/cmTC_a3282.dir/testCXXCompiler.cxx.obj] Error 1
gmake[1]: Leaving directory '/mnt/e/Studies/Online/Learn Advanced Modern C++/breakOut/build/CMakeFiles/CMakeTmp'
gmake: *** [Makefile:127: cmTC_a3282/fast] Error 2



Compiling the C compiler identification source file "CMakeCCompilerId.c" failed.
Compiler: i686-w64-mingw32-gcc-Werror -Wall
Build flags: 
Id flags:  

The output was:
Permission denied


Compiling the C compiler identification source file "CMakeCCompilerId.c" failed.
Compiler: i686-w64-mingw32-gcc-Werror -Wall
Build flags: 
Id flags: -c 

The output was:
Permission denied


Compiling the C compiler identification source file "CMakeCCompilerId.c" failed.
Compiler: i686-w64-mingw32-gcc-Werror -Wall
Build flags: 
Id flags: -Aa 

The output was:
Permission denied


Compiling the C compiler identification source file "CMakeCCompilerId.c" failed.
Compiler: i686-w64-mingw32-gcc-Werror -Wall
Build flags: 
Id flags: -D__CLASSIC_C__ 

The output was:
Permission denied


Compiling the C compiler identification source file "CMakeCCompilerId.c" failed.
Compiler: i686-w64-mingw32-gcc-Werror -Wall
Build flags: 
Id flags: --target=arm-arm-none-eabi;-mcpu=cortex-m3 

The output was:
Permission denied


Compiling the C compiler identification source file "CMakeCCompilerId.c" failed.
Compiler: i686-w64-mingw32-gcc-Werror -Wall
Build flags: 
Id flags: -c;-I__does_not_exist__ 

The output was:
Permission denied


Compiling the C compiler identification source file "CMakeCCompilerId.c" failed.
Compiler: i686-w64-mingw32-gcc-Werror -Wall
Build flags: 
Id flags:  

The output was:
Permission denied


Compiling the C compiler identification source file "CMakeCCompilerId.c" failed.
Compiler: i686-w64-mingw32-gcc-Werror -Wall
Build flags: 
Id flags: -c 

The output was:
Permission denied


Compiling the C compiler identification source file "CMakeCCompilerId.c" failed.
Compiler: i686-w64-mingw32-gcc-Werror -Wall
Build flags: 
Id flags: -Aa 

The output was:
Permission denied


Compiling the C compiler identification source file "CMakeCCompilerId.c" failed.
Compiler: i686-w64-mingw32-gcc-Werror -Wall
Build flags: 
Id flags: -D__CLASSIC_C__ 

The output was:
Permission denied


Compiling the C compiler identification source file "CMakeCCompilerId.c" failed.
Compiler: i686-w64-mingw32-gcc-Werror -Wall
Build flags: 
Id flags: --target=arm-arm-none-eabi;-mcpu=cortex-m3 

The output was:
Permission denied


Compiling the C compiler identification source file "CMakeCCompilerId.c" failed.
Compiler: i686-w64-mingw32-gcc-Werror -Wall
Build flags: 
Id flags: -c;-I__does_not_exist__ 

The output was:
Permission denied


Checking whether the C compiler is IAR using "" did not match "IAR .+ Compiler":
Checking whether the C compiler is IAR using "" did not match "IAR .+ Compiler":
Compiling the CXX compiler identification source file "CMakeCXXCompilerId.cpp" failed.
Compiler: /usr/bin/i686-w64-mingw32-g++ -std=c++10;-Werror;-Wall
Build flags: 
Id flags:  

The output was:
1
i686-w64-mingw32-g++: error: unrecognized command-line option ‘-std=c++10’; did you mean ‘-std=c++11’?


Compiling the CXX compiler identification source file "CMakeCXXCompilerId.cpp" failed.
Compiler: /usr/bin/i686-w64-mingw32-g++ -std=c++10;-Werror;-Wall
Build flags: 
Id flags: -c 

The output was:
1
i686-w64-mingw32-g++: error: unrecognized command-line option ‘-std=c++10’; did you mean ‘-std=c++11’?


Compiling the CXX compiler identification source file "CMakeCXXCompilerId.cpp" failed.
Compiler: /usr/bin/i686-w64-mingw32-g++ -std=c++10;-Werror;-Wall
Build flags: 
Id flags: --c++ 

The output was:
1
i686-w64-mingw32-g++: error: unrecognized command-line option ‘-std=c++10’; did you mean ‘-std=c++11’?
i686-w64-mingw32-g++: error: unrecognized command-line option ‘--c++’


Compiling the CXX compiler identification source file "CMakeCXXCompilerId.cpp" failed.
Compiler: /usr/bin/i686-w64-mingw32-g++ -std=c++10;-Werror;-Wall
Build flags: 
Id flags: --ec++ 

The output was:
1
i686-w64-mingw32-g++: error: unrecognized command-line option ‘-std=c++10’; did you mean ‘-std=c++11’?
i686-w64-mingw32-g++: error: unrecognized command-line option ‘--ec++’; did you mean ‘-Weffc++’?


Compiling the CXX compiler identification source file "CMakeCXXCompilerId.cpp" failed.
Compiler: /usr/bin/i686-w64-mingw32-g++ -std=c++10;-Werror;-Wall
Build flags: 
Id flags: --target=arm-arm-none-eabi;-mcpu=cortex-m3 

The output was:
1
i686-w64-mingw32-g++: warning: ‘-mcpu=’ is deprecated; use ‘-mtune=’ or ‘-march=’ instead
i686-w64-mingw32-g++: error: unrecognized command-line option ‘-std=c++10’; did you mean ‘-std=c++11’?
i686-w64-mingw32-g++: error: unrecognized command-line option ‘--target=arm-arm-none-eabi’


Compiling the CXX compiler identification source file "CMakeCXXCompilerId.cpp" failed.
Compiler: /usr/bin/i686-w64-mingw32-g++ -std=c++10;-Werror;-Wall
Build flags: 
Id flags: -c;-I__does_not_exist__ 

The output was:
1
i686-w64-mingw32-g++: error: unrecognized command-line option ‘-std=c++10’; did you mean ‘-std=c++11’?


Compiling the CXX compiler identification source file "CMakeCXXCompilerId.cpp" failed.
Compiler: /usr/bin/i686-w64-mingw32-g++ -std=c++10;-Werror;-Wall
Build flags: 
Id flags:  

The output was:
1
i686-w64-mingw32-g++: error: unrecognized command-line option ‘-std=c++10’; did you mean ‘-std=c++11’?


Compiling the CXX compiler identification source file "CMakeCXXCompilerId.cpp" failed.
Compiler: /usr/bin/i686-w64-mingw32-g++ -std=c++10;-Werror;-Wall
Build flags: 
Id flags: -c 

The output was:
1
i686-w64-mingw32-g++: error: unrecognized command-line option ‘-std=c++10’; did you mean ‘-std=c++11’?


Compiling the CXX compiler identification source file "CMakeCXXCompilerId.cpp" failed.
Compiler: /usr/bin/i686-w64-mingw32-g++ -std=c++10;-Werror;-Wall
Build flags: 
Id flags: --c++ 

The output was:
1
i686-w64-mingw32-g++: error: unrecognized command-line option ‘-std=c++10’; did you mean ‘-std=c++11’?
i686-w64-mingw32-g++: error: unrecognized command-line option ‘--c++’


Compiling the CXX compiler identification source file "CMakeCXXCompilerId.cpp" failed.
Compiler: /usr/bin/i686-w64-mingw32-g++ -std=c++10;-Werror;-Wall
Build flags: 
Id flags: --ec++ 

The output was:
1
i686-w64-mingw32-g++: error: unrecognized command-line option ‘-std=c++10’; did you mean ‘-std=c++11’?
i686-w64-mingw32-g++: error: unrecognized command-line option ‘--ec++’; did you mean ‘-Weffc++’?


Compiling the CXX compiler identification source file "CMakeCXXCompilerId.cpp" failed.
Compiler: /usr/bin/i686-w64-mingw32-g++ -std=c++10;-Werror;-Wall
Build flags: 
Id flags: --target=arm-arm-none-eabi;-mcpu=cortex-m3 

The output was:
1
i686-w64-mingw32-g++: warning: ‘-mcpu=’ is deprecated; use ‘-mtune=’ or ‘-march=’ instead
i686-w64-mingw32-g++: error: unrecognized command-line option ‘-std=c++10’; did you mean ‘-std=c++11’?
i686-w64-mingw32-g++: error: unrecognized command-line option ‘--target=arm-arm-none-eabi’


Compiling the CXX compiler identification source file "CMakeCXXCompilerId.cpp" failed.
Compiler: /usr/bin/i686-w64-mingw32-g++ -std=c++10;-Werror;-Wall
Build flags: 
Id flags: -c;-I__does_not_exist__ 

The output was:
1
i686-w64-mingw32-g++: error: unrecognized command-line option ‘-std=c++10’; did you mean ‘-std=c++11’?


Checking whether the CXX compiler is IAR using "" did not match "IAR .+ Compiler":
i686-w64-mingw32-g++: error: unrecognized command-line option '-std=c++10'; did you mean '-std=c++11'?
i686-w64-mingw32-g++: fatal error: no input files
compilation terminated.
Checking whether the CXX compiler is IAR using "" did not match "IAR .+ Compiler":
i686-w64-mingw32-g++: error: unrecognized command-line option '-std=c++10'; did you mean '-std=c++11'?
i686-w64-mingw32-g++: fatal error: no input files
compilation terminated.
Detecting CXX compiler ABI info failed to compile with the following output:
Change Dir: /mnt/e/Studies/Online/Learn Advanced Modern C++/breakOut/build/CMakeFiles/CMakeTmp

Run Build Command(s):/usr/bin/gmake -f Makefile cmTC_eccb0/fast && gmake: Warning: File 'Makefile' has modification time 0.57 s in the future
/usr/bin/gmake  -f CMakeFiles/cmTC_eccb0.dir/build.make CMakeFiles/cmTC_eccb0.dir/build
gmake[1]: Entering directory '/mnt/e/Studies/Online/Learn Advanced Modern C++/breakOut/build/CMakeFiles/CMakeTmp'
gmake[1]: Warning: File 'CMakeFiles/cmTC_eccb0.dir/flags.make' has modification time 0.56 s in the future
Building CXX object CMakeFiles/cmTC_eccb0.dir/CMakeCXXCompilerABI.cpp.obj
/usr/bin/i686-w64-mingw32-g++ -std=c++10 -Werror -Wall    -o CMakeFiles/cmTC_eccb0.dir/CMakeCXXCompilerABI.cpp.obj -c /usr/share/cmake-3.22/Modules/CMakeCXXCompilerABI.cpp
i686-w64-mingw32-g++: error: unrecognized command-line option '-std=c++10'; did you mean '-std=c++11'?
gmake[1]: *** [CMakeFiles/cmTC_eccb0.dir/build.make:78: CMakeFiles/cmTC_eccb0.dir/CMakeCXXCompilerABI.cpp.obj] Error 1
gmake[1]: Leaving directory '/mnt/e/Studies/Online/Learn Advanced Modern C++/breakOut/build/CMakeFiles/CMakeTmp'
gmake: *** [Makefile:127: cmTC_eccb0/fast] Error 2




Determining if the CXX compiler works failed with the following output:
Change Dir: /mnt/e/Studies/Online/Learn Advanced Modern C++/breakOut/build/CMakeFiles/CMakeTmp

Run Build Command(s):/usr/bin/gmake -f Makefile cmTC_1fe7e/fast && gmake: Warning: File 'Makefile' has modification time 0.27 s in the future
/usr/bin/gmake  -f CMakeFiles/cmTC_1fe7e.dir/build.make CMakeFiles/cmTC_1fe7e.dir/build
gmake[1]: Entering directory '/mnt/e/Studies/Online/Learn Advanced Modern C++/breakOut/build/CMakeFiles/CMakeTmp'
gmake[1]: Warning: File 'CMakeFiles/cmTC_1fe7e.dir/flags.make' has modification time 0.26 s in the future
Building CXX object CMakeFiles/cmTC_1fe7e.dir/testCXXCompiler.cxx.obj
/usr/bin/i686-w64-mingw32-g++ -std=c++10 -Werror -Wall    -o CMakeFiles/cmTC_1fe7e.dir/testCXXCompiler.cxx.obj -c "/mnt/e/Studies/Online/Learn Advanced Modern C++/breakOut/build/CMakeFiles/CMakeTmp/testCXXCompiler.cxx"
i686-w64-mingw32-g++: error: unrecognized command-line option ‘-std=c++10’; did you mean ‘-std=c++11’?
gmake[1]: *** [CMakeFiles/cmTC_1fe7e.dir/build.make:78: CMakeFiles/cmTC_1fe7e.dir/testCXXCompiler.cxx.obj] Error 1
gmake[1]: Leaving directory '/mnt/e/Studies/Online/Learn Advanced Modern C++/breakOut/build/CMakeFiles/CMakeTmp'
gmake: *** [Makefile:127: cmTC_1fe7e/fast] Error 2



